1733819194.879226 client started (649): version 3.0a, socket /tmp//tmux-0/default, protocol 8
1733819194.879260 on Linux 5.3.0-1032-aws #34~18.04.2-Ubuntu SMP Fri Jul 24 10:06:28 UTC 2020; libevent 2.1.11-stable (poll)
1733819194.879280 socket is /tmp//tmux-0/default
1733819194.879291 trying connect
1733819194.879314 connect failed: No such file or directory
1733819194.879323 lock file is /tmp//tmux-0/default.lock
1733819194.879364 flock succeeded
1733819194.879369 got lock (6)
1733819194.879377 trying connect
1733819194.879386 connect failed: No such file or directory
1733819194.879656 add peer 0x55f3d87ce000: 7 ((nil))
1733819194.879797 sending message 100 to peer 0x55f3d87ce000 (4 bytes)
1733819194.879805 sending message 101 to peer 0x55f3d87ce000 (6 bytes)
1733819194.879819 sending message 102 to peer 0x55f3d87ce000 (11 bytes)
1733819194.879824 sending message 108 to peer 0x55f3d87ce000 (24 bytes)
1733819194.879831 sending message 104 to peer 0x55f3d87ce000 (0 bytes)
1733819194.879837 sending message 107 to peer 0x55f3d87ce000 (4 bytes)
1733819194.879842 sending message 105 to peer 0x55f3d87ce000 (22 bytes)
1733819194.879847 sending message 105 to peer 0x55f3d87ce000 (18 bytes)
1733819194.879852 sending message 105 to peer 0x55f3d87ce000 (28 bytes)
1733819194.879857 sending message 105 to peer 0x55f3d87ce000 (23 bytes)
1733819194.879862 sending message 105 to peer 0x55f3d87ce000 (11 bytes)
1733819194.879867 sending message 105 to peer 0x55f3d87ce000 (17 bytes)
1733819194.879872 sending message 105 to peer 0x55f3d87ce000 (1506 bytes)
1733819194.879884 sending message 105 to peer 0x55f3d87ce000 (34 bytes)
1733819194.879889 sending message 105 to peer 0x55f3d87ce000 (11 bytes)
1733819194.879894 sending message 105 to peer 0x55f3d87ce000 (32 bytes)
1733819194.879900 sending message 105 to peer 0x55f3d87ce000 (8 bytes)
1733819194.879905 sending message 105 to peer 0x55f3d87ce000 (32 bytes)
1733819194.879910 sending message 105 to peer 0x55f3d87ce000 (19 bytes)
1733819194.879915 sending message 105 to peer 0x55f3d87ce000 (66 bytes)
1733819194.879920 sending message 105 to peer 0x55f3d87ce000 (13 bytes)
1733819194.879925 sending message 105 to peer 0x55f3d87ce000 (16 bytes)
1733819194.879930 sending message 106 to peer 0x55f3d87ce000 (0 bytes)
1733819194.879940 sending message 200 to peer 0x55f3d87ce000 (4 bytes)
1733819194.879945 client loop enter
1733819195.367420 peer 0x55f3d87ce000 message 207
1733819195.367443 sending message 208 to peer 0x55f3d87ce000 (0 bytes)
